2020-02-08 18:03:08,646 [Worker-3: Loading available Gradle versions] INFO  o.e.b.c.i.u.g.PublishedGradleVersions - Gradle version information cache is up-to-date. Trying to read.
2020-02-08 18:10:31,623 [Worker-6: Creating maven-archetype-quickstart] INFO  o.e.m.c.i.p.ProjectConfigurationManager - Collecting project info '/pom.xml' C:\Users\Lenovo\eclipse-workspace2\oops-demo\pom.xml
2020-02-08 18:10:35,642 [Worker-6: Creating maven-archetype-quickstart] INFO  o.e.m.c.i.e.AbstractTransferListenerAdapter - Downloading https://repo.maven.apache.org/maven2/org/apache/maven/plugins/maven-deploy-plugin/2.8.2/maven-deploy-plugin-2.8.2.jar
2020-02-08 18:10:37,071 [Worker-6: Creating maven-archetype-quickstart] INFO  o.e.m.c.i.e.AbstractTransferListenerAdapter - Downloaded https://repo.maven.apache.org/maven2/org/apache/maven/plugins/maven-deploy-plugin/2.8.2/maven-deploy-plugin-2.8.2.jar
2020-02-08 18:10:38,794 [Worker-6: Creating maven-archetype-quickstart] INFO  o.e.m.c.i.e.AbstractTransferListenerAdapter - Downloading https://repo.maven.apache.org/maven2/org/apache/maven/plugins/maven-site-plugin/3.7.1/maven-site-plugin-3.7.1.jar
2020-02-08 18:10:40,936 [Worker-6: Creating maven-archetype-quickstart] INFO  o.e.m.c.i.e.AbstractTransferListenerAdapter - Downloaded https://repo.maven.apache.org/maven2/org/apache/maven/plugins/maven-site-plugin/3.7.1/maven-site-plugin-3.7.1.jar
2020-02-08 18:10:46,491 [Worker-6: Creating maven-archetype-quickstart] INFO  o.e.m.c.i.l.LifecycleMappingFactory - Using org.eclipse.m2e.jdt.JarLifecycleMapping lifecycle mapping for MavenProject: com.epam:oops-demo:0.0.1-SNAPSHOT @ C:\Users\Lenovo\eclipse-workspace2\oops-demo\pom.xml.
2020-02-08 18:10:51,230 [Worker-6: Creating maven-archetype-quickstart] INFO  o.e.m.j.i.AbstractJavaProjectConfigurator - Adding source folder /oops-demo/src/main/java
2020-02-08 18:10:51,243 [Worker-6: Creating maven-archetype-quickstart] INFO  o.e.m.j.i.AbstractJavaProjectConfigurator - Adding source folder /oops-demo/src/test/java
2020-02-08 18:10:52,204 [Worker-20: Download sources and javadoc] INFO  o.e.m.c.i.e.AbstractTransferListenerAdapter - Downloading https://repo.maven.apache.org/maven2/junit/junit/4.11/junit-4.11-sources.jar
2020-02-08 18:10:53,776 [Worker-20: Download sources and javadoc] INFO  o.e.m.c.i.e.AbstractTransferListenerAdapter - Downloaded https://repo.maven.apache.org/maven2/junit/junit/4.11/junit-4.11-sources.jar
2020-02-08 18:10:55,112 [Worker-20: Download sources and javadoc] INFO  o.e.m.j.internal.DownloadSourcesJob - Downloaded sources for junit:junit:4.11
2020-02-08 18:10:56,319 [Worker-20: Download sources and javadoc] INFO  o.e.m.c.i.e.AbstractTransferListenerAdapter - Downloading https://repo.maven.apache.org/maven2/org/hamcrest/hamcrest-core/1.3/hamcrest-core-1.3-sources.jar
2020-02-08 18:10:57,194 [Worker-20: Download sources and javadoc] INFO  o.e.m.c.i.e.AbstractTransferListenerAdapter - Downloaded https://repo.maven.apache.org/maven2/org/hamcrest/hamcrest-core/1.3/hamcrest-core-1.3-sources.jar
2020-02-08 18:10:57,402 [Worker-20: Download sources and javadoc] INFO  o.e.m.j.internal.DownloadSourcesJob - Downloaded sources for org.hamcrest:hamcrest-core:1.3
2020-02-08 18:10:57,409 [Worker-20: Download sources and javadoc] INFO  o.e.m.j.internal.DownloadSourcesJob - Downloaded sources for org.hamcrest:hamcrest-core:1.3
2020-02-08 18:10:58,499 [Worker-6: Creating maven-archetype-quickstart] INFO  o.e.m.c.i.p.ProjectConfigurationManager - Imported and configured 1 project(s) in 26 sec
2020-02-08 18:11:00,370 [Worker-21: Building] INFO  o.e.m.c.i.embedder.EclipseLogger - Using 'UTF-8' encoding to copy filtered resources.
2020-02-08 18:11:00,370 [Worker-21: Building] INFO  o.e.m.c.i.embedder.EclipseLogger - skip non existing resourceDirectory C:\Users\Lenovo\eclipse-workspace2\oops-demo\src\main\resources
2020-02-08 18:11:00,375 [Worker-21: Building] INFO  o.e.m.c.i.embedder.EclipseLogger - Using 'UTF-8' encoding to copy filtered resources.
2020-02-08 18:11:00,376 [Worker-21: Building] INFO  o.e.m.c.i.embedder.EclipseLogger - skip non existing resourceDirectory C:\Users\Lenovo\eclipse-workspace2\oops-demo\src\test\resources
2020-02-08 18:11:22,693 [Worker-21: Building] INFO  o.e.m.c.i.embedder.EclipseLogger - Using 'UTF-8' encoding to copy filtered resources.
2020-02-08 18:11:22,694 [Worker-21: Building] INFO  o.e.m.c.i.embedder.EclipseLogger - skip non existing resourceDirectory C:\Users\Lenovo\eclipse-workspace2\oops-demo\src\main\resources
2020-02-08 18:11:22,696 [Worker-21: Building] INFO  o.e.m.c.i.embedder.EclipseLogger - Using 'UTF-8' encoding to copy filtered resources.
2020-02-08 18:11:22,696 [Worker-21: Building] INFO  o.e.m.c.i.embedder.EclipseLogger - skip non existing resourceDirectory C:\Users\Lenovo\eclipse-workspace2\oops-demo\src\test\resources
2020-02-08 18:22:36,845 [Worker-21: Building] INFO  o.e.m.c.i.embedder.EclipseLogger - Using 'UTF-8' encoding to copy filtered resources.
2020-02-08 18:22:36,845 [Worker-21: Building] INFO  o.e.m.c.i.embedder.EclipseLogger - skip non existing resourceDirectory C:\Users\Lenovo\eclipse-workspace2\oops-demo\src\main\resources
2020-02-08 18:22:36,847 [Worker-21: Building] INFO  o.e.m.c.i.embedder.EclipseLogger - Using 'UTF-8' encoding to copy filtered resources.
2020-02-08 18:22:36,848 [Worker-21: Building] INFO  o.e.m.c.i.embedder.EclipseLogger - skip non existing resourceDirectory C:\Users\Lenovo\eclipse-workspace2\oops-demo\src\test\resources
2020-02-08 18:22:59,511 [Worker-21: Building] INFO  o.e.m.c.i.embedder.EclipseLogger - Using 'UTF-8' encoding to copy filtered resources.
2020-02-08 18:22:59,512 [Worker-21: Building] INFO  o.e.m.c.i.embedder.EclipseLogger - skip non existing resourceDirectory C:\Users\Lenovo\eclipse-workspace2\oops-demo\src\main\resources
2020-02-08 18:22:59,515 [Worker-21: Building] INFO  o.e.m.c.i.embedder.EclipseLogger - Using 'UTF-8' encoding to copy filtered resources.
2020-02-08 18:22:59,515 [Worker-21: Building] INFO  o.e.m.c.i.embedder.EclipseLogger - skip non existing resourceDirectory C:\Users\Lenovo\eclipse-workspace2\oops-demo\src\test\resources
2020-02-08 18:24:18,956 [Worker-24: Building] INFO  o.e.m.c.i.embedder.EclipseLogger - Using 'UTF-8' encoding to copy filtered resources.
2020-02-08 18:24:18,956 [Worker-24: Building] INFO  o.e.m.c.i.embedder.EclipseLogger - skip non existing resourceDirectory C:\Users\Lenovo\eclipse-workspace2\oops-demo\src\main\resources
2020-02-08 18:24:18,958 [Worker-24: Building] INFO  o.e.m.c.i.embedder.EclipseLogger - Using 'UTF-8' encoding to copy filtered resources.
2020-02-08 18:24:18,959 [Worker-24: Building] INFO  o.e.m.c.i.embedder.EclipseLogger - skip non existing resourceDirectory C:\Users\Lenovo\eclipse-workspace2\oops-demo\src\test\resources
2020-02-08 18:25:40,033 [Worker-10: Building] INFO  o.e.m.c.i.embedder.EclipseLogger - Using 'UTF-8' encoding to copy filtered resources.
2020-02-08 18:25:40,033 [Worker-10: Building] INFO  o.e.m.c.i.embedder.EclipseLogger - skip non existing resourceDirectory C:\Users\Lenovo\eclipse-workspace2\oops-demo\src\main\resources
2020-02-08 18:25:40,046 [Worker-10: Building] INFO  o.e.m.c.i.embedder.EclipseLogger - Using 'UTF-8' encoding to copy filtered resources.
2020-02-08 18:25:40,047 [Worker-10: Building] INFO  o.e.m.c.i.embedder.EclipseLogger - skip non existing resourceDirectory C:\Users\Lenovo\eclipse-workspace2\oops-demo\src\test\resources
2020-02-08 18:27:52,660 [Worker-6: Building] INFO  o.e.m.c.i.embedder.EclipseLogger - Using 'UTF-8' encoding to copy filtered resources.
2020-02-08 18:27:52,660 [Worker-6: Building] INFO  o.e.m.c.i.embedder.EclipseLogger - skip non existing resourceDirectory C:\Users\Lenovo\eclipse-workspace2\oops-demo\src\main\resources
2020-02-08 18:27:52,672 [Worker-6: Building] INFO  o.e.m.c.i.embedder.EclipseLogger - Using 'UTF-8' encoding to copy filtered resources.
2020-02-08 18:27:52,673 [Worker-6: Building] INFO  o.e.m.c.i.embedder.EclipseLogger - skip non existing resourceDirectory C:\Users\Lenovo\eclipse-workspace2\oops-demo\src\test\resources
2020-02-08 18:27:56,994 [Worker-23: Building] INFO  o.e.m.c.i.embedder.EclipseLogger - Using 'UTF-8' encoding to copy filtered resources.
2020-02-08 18:27:56,995 [Worker-23: Building] INFO  o.e.m.c.i.embedder.EclipseLogger - skip non existing resourceDirectory C:\Users\Lenovo\eclipse-workspace2\oops-demo\src\main\resources
2020-02-08 18:27:56,999 [Worker-23: Building] INFO  o.e.m.c.i.embedder.EclipseLogger - Using 'UTF-8' encoding to copy filtered resources.
2020-02-08 18:27:56,999 [Worker-23: Building] INFO  o.e.m.c.i.embedder.EclipseLogger - skip non existing resourceDirectory C:\Users\Lenovo\eclipse-workspace2\oops-demo\src\test\resources
2020-02-08 18:28:34,982 [Worker-19: Building] INFO  o.e.m.c.i.embedder.EclipseLogger - Using 'UTF-8' encoding to copy filtered resources.
2020-02-08 18:28:34,982 [Worker-19: Building] INFO  o.e.m.c.i.embedder.EclipseLogger - skip non existing resourceDirectory C:\Users\Lenovo\eclipse-workspace2\oops-demo\src\main\resources
2020-02-08 18:28:34,983 [Worker-19: Building] INFO  o.e.m.c.i.embedder.EclipseLogger - Using 'UTF-8' encoding to copy filtered resources.
2020-02-08 18:28:34,983 [Worker-19: Building] INFO  o.e.m.c.i.embedder.EclipseLogger - skip non existing resourceDirectory C:\Users\Lenovo\eclipse-workspace2\oops-demo\src\test\resources
2020-02-08 18:30:09,186 [Worker-6: Building] INFO  o.e.m.c.i.embedder.EclipseLogger - Using 'UTF-8' encoding to copy filtered resources.
2020-02-08 18:30:09,186 [Worker-6: Building] INFO  o.e.m.c.i.embedder.EclipseLogger - skip non existing resourceDirectory C:\Users\Lenovo\eclipse-workspace2\oops-demo\src\main\resources
2020-02-08 18:30:09,188 [Worker-6: Building] INFO  o.e.m.c.i.embedder.EclipseLogger - Using 'UTF-8' encoding to copy filtered resources.
2020-02-08 18:30:09,189 [Worker-6: Building] INFO  o.e.m.c.i.embedder.EclipseLogger - skip non existing resourceDirectory C:\Users\Lenovo\eclipse-workspace2\oops-demo\src\test\resources
2020-02-08 18:31:18,493 [Worker-10: Building] INFO  o.e.m.c.i.embedder.EclipseLogger - Using 'UTF-8' encoding to copy filtered resources.
2020-02-08 18:31:18,493 [Worker-10: Building] INFO  o.e.m.c.i.embedder.EclipseLogger - skip non existing resourceDirectory C:\Users\Lenovo\eclipse-workspace2\oops-demo\src\main\resources
2020-02-08 18:31:18,495 [Worker-10: Building] INFO  o.e.m.c.i.embedder.EclipseLogger - Using 'UTF-8' encoding to copy filtered resources.
2020-02-08 18:31:18,496 [Worker-10: Building] INFO  o.e.m.c.i.embedder.EclipseLogger - skip non existing resourceDirectory C:\Users\Lenovo\eclipse-workspace2\oops-demo\src\test\resources
2020-02-08 18:32:15,034 [Worker-19: Building] INFO  o.e.m.c.i.embedder.EclipseLogger - Using 'UTF-8' encoding to copy filtered resources.
2020-02-08 18:32:15,035 [Worker-19: Building] INFO  o.e.m.c.i.embedder.EclipseLogger - skip non existing resourceDirectory C:\Users\Lenovo\eclipse-workspace2\oops-demo\src\main\resources
2020-02-08 18:32:15,037 [Worker-19: Building] INFO  o.e.m.c.i.embedder.EclipseLogger - Using 'UTF-8' encoding to copy filtered resources.
2020-02-08 18:32:15,038 [Worker-19: Building] INFO  o.e.m.c.i.embedder.EclipseLogger - skip non existing resourceDirectory C:\Users\Lenovo\eclipse-workspace2\oops-demo\src\test\resources
2020-02-08 18:32:25,137 [Worker-23: Building] INFO  o.e.m.c.i.embedder.EclipseLogger - Using 'UTF-8' encoding to copy filtered resources.
2020-02-08 18:32:25,137 [Worker-23: Building] INFO  o.e.m.c.i.embedder.EclipseLogger - skip non existing resourceDirectory C:\Users\Lenovo\eclipse-workspace2\oops-demo\src\main\resources
2020-02-08 18:32:25,138 [Worker-23: Building] INFO  o.e.m.c.i.embedder.EclipseLogger - Using 'UTF-8' encoding to copy filtered resources.
2020-02-08 18:32:25,139 [Worker-23: Building] INFO  o.e.m.c.i.embedder.EclipseLogger - skip non existing resourceDirectory C:\Users\Lenovo\eclipse-workspace2\oops-demo\src\test\resources
2020-02-08 18:32:28,018 [Worker-23: Building] INFO  o.e.m.c.i.embedder.EclipseLogger - Using 'UTF-8' encoding to copy filtered resources.
2020-02-08 18:32:28,018 [Worker-23: Building] INFO  o.e.m.c.i.embedder.EclipseLogger - skip non existing resourceDirectory C:\Users\Lenovo\eclipse-workspace2\oops-demo\src\main\resources
2020-02-08 18:32:28,020 [Worker-23: Building] INFO  o.e.m.c.i.embedder.EclipseLogger - Using 'UTF-8' encoding to copy filtered resources.
2020-02-08 18:32:28,020 [Worker-23: Building] INFO  o.e.m.c.i.embedder.EclipseLogger - skip non existing resourceDirectory C:\Users\Lenovo\eclipse-workspace2\oops-demo\src\test\resources
2020-02-08 18:33:04,555 [Worker-23: Building] INFO  o.e.m.c.i.embedder.EclipseLogger - Using 'UTF-8' encoding to copy filtered resources.
2020-02-08 18:33:04,555 [Worker-23: Building] INFO  o.e.m.c.i.embedder.EclipseLogger - skip non existing resourceDirectory C:\Users\Lenovo\eclipse-workspace2\oops-demo\src\main\resources
2020-02-08 18:33:04,558 [Worker-23: Building] INFO  o.e.m.c.i.embedder.EclipseLogger - Using 'UTF-8' encoding to copy filtered resources.
2020-02-08 18:33:04,559 [Worker-23: Building] INFO  o.e.m.c.i.embedder.EclipseLogger - skip non existing resourceDirectory C:\Users\Lenovo\eclipse-workspace2\oops-demo\src\test\resources
2020-02-08 18:33:15,049 [Worker-20: Building] INFO  o.e.m.c.i.embedder.EclipseLogger - Using 'UTF-8' encoding to copy filtered resources.
2020-02-08 18:33:15,050 [Worker-20: Building] INFO  o.e.m.c.i.embedder.EclipseLogger - skip non existing resourceDirectory C:\Users\Lenovo\eclipse-workspace2\oops-demo\src\main\resources
2020-02-08 18:33:15,053 [Worker-20: Building] INFO  o.e.m.c.i.embedder.EclipseLogger - Using 'UTF-8' encoding to copy filtered resources.
2020-02-08 18:33:15,053 [Worker-20: Building] INFO  o.e.m.c.i.embedder.EclipseLogger - skip non existing resourceDirectory C:\Users\Lenovo\eclipse-workspace2\oops-demo\src\test\resources
2020-02-08 18:39:21,465 [Worker-10: Building] INFO  o.e.m.c.i.embedder.EclipseLogger - Using 'UTF-8' encoding to copy filtered resources.
2020-02-08 18:39:21,466 [Worker-10: Building] INFO  o.e.m.c.i.embedder.EclipseLogger - skip non existing resourceDirectory C:\Users\Lenovo\eclipse-workspace2\oops-demo\src\main\resources
2020-02-08 18:39:21,468 [Worker-10: Building] INFO  o.e.m.c.i.embedder.EclipseLogger - Using 'UTF-8' encoding to copy filtered resources.
2020-02-08 18:39:21,468 [Worker-10: Building] INFO  o.e.m.c.i.embedder.EclipseLogger - skip non existing resourceDirectory C:\Users\Lenovo\eclipse-workspace2\oops-demo\src\test\resources
2020-02-08 18:39:24,593 [Worker-21: Building] INFO  o.e.m.c.i.embedder.EclipseLogger - Using 'UTF-8' encoding to copy filtered resources.
2020-02-08 18:39:24,593 [Worker-21: Building] INFO  o.e.m.c.i.embedder.EclipseLogger - skip non existing resourceDirectory C:\Users\Lenovo\eclipse-workspace2\oops-demo\src\main\resources
2020-02-08 18:39:24,595 [Worker-21: Building] INFO  o.e.m.c.i.embedder.EclipseLogger - Using 'UTF-8' encoding to copy filtered resources.
2020-02-08 18:39:24,596 [Worker-21: Building] INFO  o.e.m.c.i.embedder.EclipseLogger - skip non existing resourceDirectory C:\Users\Lenovo\eclipse-workspace2\oops-demo\src\test\resources
2020-02-08 18:42:41,810 [Worker-19: Launching Executing install in C__Users_Lenovo_eclipse-workspace2_oops-demo] INFO  o.e.m.i.launch.MavenLaunchDelegate - C:\Users\Lenovo\eclipse-workspace2\oops-demo
2020-02-08 18:42:41,811 [Worker-19: Launching Executing install in C__Users_Lenovo_eclipse-workspace2_oops-demo] INFO  o.e.m.i.launch.MavenLaunchDelegate -  mvn -B install
2020-02-08 18:44:41,630 [Worker-27: Building] INFO  o.e.m.c.i.embedder.EclipseLogger - Using 'UTF-8' encoding to copy filtered resources.
2020-02-08 18:44:41,630 [Worker-27: Building] INFO  o.e.m.c.i.embedder.EclipseLogger - skip non existing resourceDirectory C:\Users\Lenovo\eclipse-workspace2\oops-demo\src\main\resources
2020-02-08 18:44:41,633 [Worker-27: Building] INFO  o.e.m.c.i.embedder.EclipseLogger - Using 'UTF-8' encoding to copy filtered resources.
2020-02-08 18:44:41,633 [Worker-27: Building] INFO  o.e.m.c.i.embedder.EclipseLogger - skip non existing resourceDirectory C:\Users\Lenovo\eclipse-workspace2\oops-demo\src\test\resources
2020-02-08 18:44:48,370 [Worker-26: Launching Executing install in C__Users_Lenovo_eclipse-workspace2_oops-demo] INFO  o.e.m.i.launch.MavenLaunchDelegate - C:\Users\Lenovo\eclipse-workspace2\oops-demo
2020-02-08 18:44:48,370 [Worker-26: Launching Executing install in C__Users_Lenovo_eclipse-workspace2_oops-demo] INFO  o.e.m.i.launch.MavenLaunchDelegate -  mvn -B install
2020-02-08 18:53:27,231 [Worker-24: Building] INFO  o.e.m.c.i.embedder.EclipseLogger - Using 'UTF-8' encoding to copy filtered resources.
2020-02-08 18:53:27,231 [Worker-24: Building] INFO  o.e.m.c.i.embedder.EclipseLogger - skip non existing resourceDirectory C:\Users\Lenovo\eclipse-workspace2\oops-demo\src\main\resources
2020-02-08 18:53:27,234 [Worker-24: Building] INFO  o.e.m.c.i.embedder.EclipseLogger - Using 'UTF-8' encoding to copy filtered resources.
2020-02-08 18:53:27,235 [Worker-24: Building] INFO  o.e.m.c.i.embedder.EclipseLogger - skip non existing resourceDirectory C:\Users\Lenovo\eclipse-workspace2\oops-demo\src\test\resources
2020-02-08 18:54:24,348 [Worker-24: Building] INFO  o.e.m.c.i.embedder.EclipseLogger - Using 'UTF-8' encoding to copy filtered resources.
2020-02-08 18:54:24,348 [Worker-24: Building] INFO  o.e.m.c.i.embedder.EclipseLogger - skip non existing resourceDirectory C:\Users\Lenovo\eclipse-workspace2\oops-demo\src\main\resources
2020-02-08 18:54:24,350 [Worker-24: Building] INFO  o.e.m.c.i.embedder.EclipseLogger - Using 'UTF-8' encoding to copy filtered resources.
2020-02-08 18:54:24,350 [Worker-24: Building] INFO  o.e.m.c.i.embedder.EclipseLogger - skip non existing resourceDirectory C:\Users\Lenovo\eclipse-workspace2\oops-demo\src\test\resources
2020-02-08 18:54:32,490 [Worker-30: Launching Executing install in C__Users_Lenovo_eclipse-workspace2_oops-demo] INFO  o.e.m.i.launch.MavenLaunchDelegate - C:\Users\Lenovo\eclipse-workspace2\oops-demo
2020-02-08 18:54:32,491 [Worker-30: Launching Executing install in C__Users_Lenovo_eclipse-workspace2_oops-demo] INFO  o.e.m.i.launch.MavenLaunchDelegate -  mvn -B install
2020-02-08 18:58:11,255 [Worker-31: Launching Executing clean in C__Users_Lenovo_eclipse-workspace2_oops-demo] INFO  o.e.m.i.launch.MavenLaunchDelegate - C:\Users\Lenovo\eclipse-workspace2\oops-demo
2020-02-08 18:58:11,256 [Worker-31: Launching Executing clean in C__Users_Lenovo_eclipse-workspace2_oops-demo] INFO  o.e.m.i.launch.MavenLaunchDelegate -  mvn -B clean
2020-02-08 18:58:14,233 [Worker-35: Building] INFO  o.e.m.c.i.embedder.EclipseLogger - Using 'UTF-8' encoding to copy filtered resources.
2020-02-08 18:58:14,235 [Worker-35: Building] INFO  o.e.m.c.i.embedder.EclipseLogger - skip non existing resourceDirectory C:\Users\Lenovo\eclipse-workspace2\oops-demo\src\main\resources
2020-02-08 18:58:14,241 [Worker-35: Building] INFO  o.e.m.c.i.embedder.EclipseLogger - Using 'UTF-8' encoding to copy filtered resources.
2020-02-08 18:58:14,243 [Worker-35: Building] INFO  o.e.m.c.i.embedder.EclipseLogger - skip non existing resourceDirectory C:\Users\Lenovo\eclipse-workspace2\oops-demo\src\test\resources
2020-02-08 18:58:51,211 [Worker-31: Launching Executing install in C__Users_Lenovo_eclipse-workspace2_oops-demo] INFO  o.e.m.i.launch.MavenLaunchDelegate - C:\Users\Lenovo\eclipse-workspace2\oops-demo
2020-02-08 18:58:51,211 [Worker-31: Launching Executing install in C__Users_Lenovo_eclipse-workspace2_oops-demo] INFO  o.e.m.i.launch.MavenLaunchDelegate -  mvn -B install
2020-02-08 18:59:04,378 [Worker-33: Building] INFO  o.e.m.c.i.embedder.EclipseLogger - Using 'UTF-8' encoding to copy filtered resources.
2020-02-08 18:59:04,378 [Worker-33: Building] INFO  o.e.m.c.i.embedder.EclipseLogger - skip non existing resourceDirectory C:\Users\Lenovo\eclipse-workspace2\oops-demo\src\main\resources
2020-02-08 18:59:04,379 [Worker-33: Building] INFO  o.e.m.c.i.embedder.EclipseLogger - Using 'UTF-8' encoding to copy filtered resources.
2020-02-08 18:59:04,380 [Worker-33: Building] INFO  o.e.m.c.i.embedder.EclipseLogger - skip non existing resourceDirectory C:\Users\Lenovo\eclipse-workspace2\oops-demo\src\test\resources
2020-02-08 19:09:27,131 [Worker-40: Building] INFO  o.e.m.c.i.embedder.EclipseLogger - Using 'UTF-8' encoding to copy filtered resources.
2020-02-08 19:09:27,132 [Worker-40: Building] INFO  o.e.m.c.i.embedder.EclipseLogger - skip non existing resourceDirectory C:\Users\Lenovo\eclipse-workspace2\oops-demo\src\main\resources
2020-02-08 19:09:27,134 [Worker-40: Building] INFO  o.e.m.c.i.embedder.EclipseLogger - Using 'UTF-8' encoding to copy filtered resources.
2020-02-08 19:09:27,134 [Worker-40: Building] INFO  o.e.m.c.i.embedder.EclipseLogger - skip non existing resourceDirectory C:\Users\Lenovo\eclipse-workspace2\oops-demo\src\test\resources
